Fri Sep 27 21:30:15 2024
 [APPINFO] Received element name: finance
Fri Sep 27 21:30:15 2024
 [APPINFO] Preparing to open URL: https://www.investopedia.com/
Fri Sep 27 21:30:15 2024
 [APPINFO] Preparing to open URL: https://www.finra.org/
Fri Sep 27 21:30:15 2024
 [APPINFO] Preparing to open URL: https://www.thebalancemoney.com/
Fri Sep 27 21:30:15 2024
 [APPINFO] Preparing to open URL: https://investor.vanguard.com/home
Fri Sep 27 21:30:15 2024
 [APPINFO] Preparing to open URL: https://www.schwab.com/
Fri Sep 27 21:30:15 2024
 [APPINFO] Preparing to open URL: https://www.fidelity.com/
Fri Sep 27 21:30:15 2024
 [APPINFO] Preparing to open URL: https://www.bloomberg.com
Fri Sep 27 21:30:15 2024
 [APPINFO] Preparing to open URL: https://www.wsj.com/
Fri Sep 27 21:30:15 2024
 [APPINFO] Preparing to open URL: https://www.cnbc.com/world/?region=world
Fri Sep 27 21:30:15 2024
 [APPINFO] Opened URL: https://investor.vanguard.com/home
Fri Sep 27 21:30:15 2024
 [APPINFO] Opened URL: https://www.bloomberg.com
Fri Sep 27 21:30:15 2024
 [APPINFO] Opened URL: https://www.wsj.com/
Fri Sep 27 21:30:15 2024
 [APPINFO] Opened URL: https://www.investopedia.com/
Fri Sep 27 21:30:15 2024
 [APPINFO] Opened URL: https://www.fidelity.com/
Fri Sep 27 21:30:15 2024
 [APPINFO] Opened URL: https://www.finra.org/
Fri Sep 27 21:30:15 2024
 [APPINFO] Opened URL: https://www.cnbc.com/world/?region=world
Fri Sep 27 21:30:15 2024
 [APPINFO] Opened URL: https://www.thebalancemoney.com/
Fri Sep 27 21:30:15 2024
 [APPINFO] Opened URL: https://www.schwab.com/
Fri Sep 27 21:30:15 2024
 [APPINFO] Finished processing for element: finance
